{"message":"Error al enviar whatsapp al administrador Error: The 'To' number whasdfasdfatsapp:+5491166400929asdfasfd is not a valid phone number..","level":"error"}
{"message":"Error al enviar sms al comprador. Error: The 'To' number 01166400929 is not a valid phone number..","level":"error"}
{"message":"Error al enviar mail de sunto Nuevo pedido de Santiago Nicol치s Penalva - penalvasantiagogm@gmail.com a penalvasantiagogm@gmail.com.","level":"error"}
{"message":"Error al enviar sms al comprador. Error: The 'To' number 01166400929 is not a valid phone number..","level":"error"}
{"message":"Error al agregar producto al carrito. ReferenceError: hola is not defined","level":"error"}
{"message":"Error al agregar producto al carrito. ReferenceError: newCartItem is not defined","level":"error"}
{"message":"Error al agregar producto al carrito. ReferenceError: newCartItem is not defined","level":"error"}
{"message":"Error al agregar producto al carrito. ReferenceError: Cannot access 'quantity' before initialization","level":"error"}
{"message":"Error al agregar producto al carrito. ReferenceError: newCartItem is not defined","level":"error"}
{"message":"Error al agregar producto al carrito. ReferenceError: newCartItem is not defined","level":"error"}
{"message":"Error al agregar producto al carrito. ReferenceError: newCartItem is not defined","level":"error"}
{"message":"Error al agregar producto al carrito. ReferenceError: newCartItem is not defined","level":"error"}
{"message":"Error al agregar producto al carrito. ReferenceError: newCartItem is not defined","level":"error"}
{"message":"Error al agregar producto al carrito. ReferenceError: cartitem is not defined","level":"error"}
{"message":"Error al enviar sms al comprador. Error: Authenticate.","level":"error"}
{"message":"Error al enviar whatsapp al administrador. Error: Authenticate.","level":"error"}
{"message":"Error al enviar sms al comprador. Error: Authenticate.","level":"error"}
{"message":"Error al enviar whatsapp al administrador. Error: Authenticate.","level":"error"}
{"message":"Error al en el checkout. TypeError: Cannot read property 'price' of undefined","level":"error"}
{"message":"Error al en el checkout. ValidationError: orderNumber: Cast to ObjectId failed for value \"0\" (type number) at path \"orderNumber\", products.0: Cast to [ObjectId] failed for value \"[{\"name\":\"Calculadora\",\"description\":\"tremenda calculadora\",\"photo\":\"https://cdn0.iconfinder.com/data/icons/business-finance-hexagon/128/9-128.png\",\"price\":9999.99,\"quantity\":3},{\"name\":\"Lapiz\",\"description\":\"Un lindo lapiz que escribe\",\"photo\":\"https://cdn0.iconfinder.com/data/icons/economico-a-business-icon-set/74/pencil-lapis-128.png\",\"price\":9999.99,\"quantity\":2}]\" (type string) at path \"products.0\"","level":"error"}
{"message":"Error en el checkout. ValidationError: orderNumber: Cast to ObjectId failed for value \"0\" (type number) at path \"orderNumber\", products.0: Cast to [ObjectId] failed for value \"[{\"name\":\"Calculadora\",\"description\":\"tremenda calculadora\",\"photo\":\"https://cdn0.iconfinder.com/data/icons/business-finance-hexagon/128/9-128.png\",\"price\":9999.99,\"quantity\":3},{\"name\":\"Lapiz\",\"description\":\"Un lindo lapiz que escribe\",\"photo\":\"https://cdn0.iconfinder.com/data/icons/economico-a-business-icon-set/74/pencil-lapis-128.png\",\"price\":9999.99,\"quantity\":2}]\" (type string) at path \"products.0\"","level":"error"}
{"message":"Error en el checkout. ValidationError: orderNumber: Cast to ObjectId failed for value \"0\" (type number) at path \"orderNumber\"","level":"error"}
{"message":"Error en el checkout. ValidationError: orderNumber: Cast to ObjectId failed for value \"0\" (type number) at path \"orderNumber\"","level":"error"}
{"message":"Error en el checkout. ValidationError: orderNumber: Cast to ObjectId failed for value \"0\" (type number) at path \"orderNumber\"","level":"error"}
{"message":"Error en el checkout. ValidationError: orderNumber: Cast to ObjectId failed for value \"0\" (type number) at path \"orderNumber\"","level":"error"}
{"message":"Error al registrar usuario. TypeError: Cannot read property 'filename' of undefined","level":"error"}
{"message":"Error en el checkout. ReferenceError: OrderItem is not defined","level":"error"}
{"message":"Error en el checkout. ReferenceError: OrderItem is not defined","level":"error"}
{"message":"Error en el checkout. ReferenceError: CartItem is not defined","level":"error"}
{"message":"Error al enviar sms al comprador. Error: Authenticate.","level":"error"}
{"message":"Error al enviar whatsapp al administrador. Error: Authenticate.","level":"error"}
{"message":"Error al enviar sms al comprador. Error: Authenticate.","level":"error"}
{"message":"Error al enviar whatsapp al administrador. Error: Authenticate.","level":"error"}
{"message":"Error al enviar mail de asunto Nuevo pedido de Santiago Nicol치s Penalva - penalvasantiagogm@gmail.com a penalvasantiagogm@gmail.com: Error: Missing credentials for \"PLAIN\"","level":"error"}
{"message":"Error al enviar mail de asunto Nuevo pedido de Santiago Nicol치s Penalva - penalvasantiagogm@gmail.com a penalvasantiagogm@gmail.com: Error: Missing credentials for \"PLAIN\"","level":"error"}
{"message":"Error al enviar mail de asunto Nuevo pedido de Santiago Nicol치s Penalva - penalvasantiagogm@gmail.com a penalvasantiagogm@gmail.com: Error: Invalid login: 535-5.7.8 Username and Password not accepted. Learn more at\n535 5.7.8  https://support.google.com/mail/?p=BadCredentials d4sm2483893vkq.54 - gsmtp","level":"error"}
